# JRE version: OpenJDK Runtime Environment Temurin-17.0.7+7 (17.0.7+7) (build 17.0.7+7)
# Java VM: OpenJDK 64-Bit Server VM Temurin-17.0.7+7 (17.0.7+7, mixed mode, tiered, compressed oops, compressed class ptrs, parallel gc, windows-amd64)
GC Precious Log:
 CPUs: 12 total, 12 available
 Memory: 16204M
 Large Page Support: Disabled
 NUMA Support: Disabled
 Compressed Oops: Enabled (32-bit)
 Alignments: Space 512K, Generation 512K, Heap 2M
 Heap Min Capacity: 100M
 Heap Initial Capacity: 100M
 Heap Max Capacity: 1G
 Pre-touch: Disabled
 Parallel Workers: 10
Heap:
 PSYoungGen      total 27648K, used 10724K [0x00000000eab00000, 0x00000000ed080000, 0x0000000100000000)
  eden space 17920K, 7% used [0x00000000eab00000,0x00000000eac4b180,0x00000000ebc80000)
  from space 9728K, 96% used [0x00000000ebc80000,0x00000000ec5adf20,0x00000000ec600000)
  to   space 9728K, 0% used [0x00000000ec700000,0x00000000ec700000,0x00000000ed080000)
 ParOldGen       total 270336K, used 224103K [0x00000000c0000000, 0x00000000d0800000, 0x00000000eab00000)
  object space 270336K, 82% used [0x00000000c0000000,0x00000000cdad9f08,0x00000000d0800000)
 Metaspace       used 65315K, committed 66304K, reserved 1114112K
  class space    used 6855K, committed 7296K, reserved 1048576K
GC Heap History (20 events):
Event: 11.389 GC heap before
{Heap before GC invocations=295 (full 11):
 PSYoungGen      total 19456K, used 19454K [0x00000000eab00000, 0x00000000ec980000, 0x0000000100000000)
  eden space 13824K, 100% used [0x00000000eab00000,0x00000000eb880000,0x00000000eb880000)
  from space 5632K, 99% used [0x00000000eb880000,0x00000000ebdffaa8,0x00000000ebe00000)
  to   space 8192K, 0% used [0x00000000ec180000,0x00000000ec180000,0x00000000ec980000)
 ParOldGen       total 219136K, used 194086K [0x00000000c0000000, 0x00000000cd600000, 0x00000000eab00000)
  object space 219136K, 88% used [0x00000000c0000000,0x00000000cbd89bd0,0x00000000cd600000)
 Metaspace       used 65314K, committed 66304K, reserved 1114112K
  class space    used 6855K, committed 7296K, reserved 1048576K
}
Event: 11.391 GC heap after
{Heap after GC invocations=295 (full 11):
 PSYoungGen      total 20480K, used 4732K [0x00000000eab00000, 0x00000000ec680000, 0x0000000100000000)
  eden space 15360K, 0% used [0x00000000eab00000,0x00000000eab00000,0x00000000eba00000)
  from space 5120K, 92% used [0x00000000ec180000,0x00000000ec61f050,0x00000000ec680000)
  to   space 6144K, 0% used [0x00000000eba80000,0x00000000eba80000,0x00000000ec080000)
 ParOldGen       total 219136K, used 197931K [0x00000000c0000000, 0x00000000cd600000, 0x00000000eab00000)
  object space 219136K, 90% used [0x00000000c0000000,0x00000000cc14ad90,0x00000000cd600000)
 Metaspace       used 65314K, committed 66304K, reserved 1114112K
  class space    used 6855K, committed 7296K, reserved 1048576K
}
Event: 11.424 GC heap before
{Heap before GC invocations=296 (full 11):
 PSYoungGen      total 20480K, used 20092K [0x00000000eab00000, 0x00000000ec680000, 0x0000000100000000)
  eden space 15360K, 100% used [0x00000000eab00000,0x00000000eba00000,0x00000000eba00000)
  from space 5120K, 92% used [0x00000000ec180000,0x00000000ec61f050,0x00000000ec680000)
  to   space 6144K, 0% used [0x00000000eba80000,0x00000000eba80000,0x00000000ec080000)
 ParOldGen       total 219136K, used 197931K [0x00000000c0000000, 0x00000000cd600000, 0x00000000eab00000)
  object space 219136K, 90% used [0x00000000c0000000,0x00000000cc14ad90,0x00000000cd600000)
 Metaspace       used 65314K, committed 66304K, reserved 1114112K
  class space    used 6855K, committed 7296K, reserved 1048576K
}
Event: 11.427 GC heap after
{Heap after GC invocations=296 (full 11):
 PSYoungGen      total 21504K, used 6139K [0x00000000eab00000, 0x00000000ecb00000, 0x0000000100000000)
  eden space 15360K, 0% used [0x00000000eab00000,0x00000000eab00000,0x00000000eba00000)
  from space 6144K, 99% used [0x00000000eba80000,0x00000000ec07ed28,0x00000000ec080000)
  to   space 8704K, 0% used [0x00000000ec280000,0x00000000ec280000,0x00000000ecb00000)
 ParOldGen       total 219136K, used 199751K [0x00000000c0000000, 0x00000000cd600000, 0x00000000eab00000)
  object space 219136K, 91% used [0x00000000c0000000,0x00000000cc311c38,0x00000000cd600000)
 Metaspace       used 65314K, committed 66304K, reserved 1114112K
  class space    used 6855K, committed 7296K, reserved 1048576K
}
Event: 11.462 GC heap before
{Heap before GC invocations=297 (full 11):
 PSYoungGen      total 21504K, used 21499K [0x00000000eab00000, 0x00000000ecb00000, 0x0000000100000000)
  eden space 15360K, 100% used [0x00000000eab00000,0x00000000eba00000,0x00000000eba00000)
  from space 6144K, 99% used [0x00000000eba80000,0x00000000ec07ed28,0x00000000ec080000)
  to   space 8704K, 0% used [0x00000000ec280000,0x00000000ec280000,0x00000000ecb00000)
 ParOldGen       total 219136K, used 199751K [0x00000000c0000000, 0x00000000cd600000, 0x00000000eab00000)
  object space 219136K, 91% used [0x00000000c0000000,0x00000000cc311c38,0x00000000cd600000)
 Metaspace       used 65314K, committed 66304K, reserved 1114112K
  class space    used 6855K, committed 7296K, reserved 1048576K
}
Event: 11.465 GC heap after
{Heap after GC invocations=297 (full 11):
 PSYoungGen      total 23040K, used 5665K [0x00000000eab00000, 0x00000000ec880000, 0x0000000100000000)
  eden space 16896K, 0% used [0x00000000eab00000,0x00000000eab00000,0x00000000ebb80000)
  from space 6144K, 92% used [0x00000000ec280000,0x00000000ec8087b8,0x00000000ec880000)
  to   space 6656K, 0% used [0x00000000ebb80000,0x00000000ebb80000,0x00000000ec200000)
 ParOldGen       total 219136K, used 203570K [0x00000000c0000000, 0x00000000cd600000, 0x00000000eab00000)
  object space 219136K, 92% used [0x00000000c0000000,0x00000000cc6cc9e8,0x00000000cd600000)
 Metaspace       used 65314K, committed 66304K, reserved 1114112K
  class space    used 6855K, committed 7296K, reserved 1048576K
}
Event: 11.503 GC heap before
{Heap before GC invocations=298 (full 11):
 PSYoungGen      total 23040K, used 22561K [0x00000000eab00000, 0x00000000ec880000, 0x0000000100000000)
  eden space 16896K, 100% used [0x00000000eab00000,0x00000000ebb80000,0x00000000ebb80000)
  from space 6144K, 92% used [0x00000000ec280000,0x00000000ec8087b8,0x00000000ec880000)
  to   space 6656K, 0% used [0x00000000ebb80000,0x00000000ebb80000,0x00000000ec200000)
 ParOldGen       total 219136K, used 203570K [0x00000000c0000000, 0x00000000cd600000, 0x00000000eab00000)
  object space 219136K, 92% used [0x00000000c0000000,0x00000000cc6cc9e8,0x00000000cd600000)
 Metaspace       used 65314K, committed 66304K, reserved 1114112K
  class space    used 6855K, committed 7296K, reserved 1048576K
}
Event: 11.506 GC heap after
{Heap after GC invocations=298 (full 11):
 PSYoungGen      total 23552K, used 6648K [0x00000000eab00000, 0x00000000ed100000, 0x0000000100000000)
  eden space 16896K, 0% used [0x00000000eab00000,0x00000000eab00000,0x00000000ebb80000)
  from space 6656K, 99% used [0x00000000ebb80000,0x00000000ec1fe2c0,0x00000000ec200000)
  to   space 10240K, 0% used [0x00000000ec700000,0x00000000ec700000,0x00000000ed100000)
 ParOldGen       total 219136K, used 206134K [0x00000000c0000000, 0x00000000cd600000, 0x00000000eab00000)
  object space 219136K, 94% used [0x00000000c0000000,0x00000000cc94d968,0x00000000cd600000)
 Metaspace       used 65314K, committed 66304K, reserved 1114112K
  class space    used 6855K, committed 7296K, reserved 1048576K
}
Event: 11.545 GC heap before
{Heap before GC invocations=299 (full 11):
 PSYoungGen      total 23552K, used 23544K [0x00000000eab00000, 0x00000000ed100000, 0x0000000100000000)
  eden space 16896K, 100% used [0x00000000eab00000,0x00000000ebb80000,0x00000000ebb80000)
  from space 6656K, 99% used [0x00000000ebb80000,0x00000000ec1fe2c0,0x00000000ec200000)
  to   space 10240K, 0% used [0x00000000ec700000,0x00000000ec700000,0x00000000ed100000)
 ParOldGen       total 219136K, used 206134K [0x00000000c0000000, 0x00000000cd600000, 0x00000000eab00000)
  object space 219136K, 94% used [0x00000000c0000000,0x00000000cc94d968,0x00000000cd600000)
 Metaspace       used 65314K, committed 66304K, reserved 1114112K
  class space    used 6855K, committed 7296K, reserved 1048576K
}
Event: 11.548 GC heap after
{Heap after GC invocations=299 (full 11):
 PSYoungGen      total 24576K, used 6137K [0x00000000eab00000, 0x00000000ecd00000, 0x0000000100000000)
  eden space 18432K, 0% used [0x00000000eab00000,0x00000000eab00000,0x00000000ebd00000)
  from space 6144K, 99% used [0x00000000ec700000,0x00000000eccfe6f0,0x00000000ecd00000)
  to   space 7680K, 0% used [0x00000000ebe00000,0x00000000ebe00000,0x00000000ec580000)
 ParOldGen       total 219136K, used 210372K [0x00000000c0000000, 0x00000000cd600000, 0x00000000eab00000)
  object space 219136K, 96% used [0x00000000c0000000,0x00000000ccd71260,0x00000000cd600000)
 Metaspace       used 65314K, committed 66304K, reserved 1114112K
  class space    used 6855K, committed 7296K, reserved 1048576K
}
Event: 11.600 GC heap before
{Heap before GC invocations=300 (full 11):
 PSYoungGen      total 24576K, used 24569K [0x00000000eab00000, 0x00000000ecd00000, 0x0000000100000000)
  eden space 18432K, 100% used [0x00000000eab00000,0x00000000ebd00000,0x00000000ebd00000)
  from space 6144K, 99% used [0x00000000ec700000,0x00000000eccfe6f0,0x00000000ecd00000)
  to   space 7680K, 0% used [0x00000000ebe00000,0x00000000ebe00000,0x00000000ec580000)
 ParOldGen       total 219136K, used 210372K [0x00000000c0000000, 0x00000000cd600000, 0x00000000eab00000)
  object space 219136K, 96% used [0x00000000c0000000,0x00000000ccd71260,0x00000000cd600000)
 Metaspace       used 65314K, committed 66304K, reserved 1114112K
  class space    used 6855K, committed 7296K, reserved 1048576K
}
Event: 11.603 GC heap after
{Heap after GC invocations=300 (full 11):
 PSYoungGen      total 26112K, used 7667K [0x00000000eab00000, 0x00000000ed200000, 0x0000000100000000)
  eden space 18432K, 0% used [0x00000000eab00000,0x00000000eab00000,0x00000000ebd00000)
  from space 7680K, 99% used [0x00000000ebe00000,0x00000000ec57cf10,0x00000000ec580000)
  to   space 10752K, 0% used [0x00000000ec780000,0x00000000ec780000,0x00000000ed200000)
 ParOldGen       total 219136K, used 212703K [0x00000000c0000000, 0x00000000cd600000, 0x00000000eab00000)
  object space 219136K, 97% used [0x00000000c0000000,0x00000000ccfb7e20,0x00000000cd600000)
 Metaspace       used 65314K, committed 66304K, reserved 1114112K
  class space    used 6855K, committed 7296K, reserved 1048576K
}
Event: 11.639 GC heap before
{Heap before GC invocations=301 (full 11):
 PSYoungGen      total 26112K, used 26099K [0x00000000eab00000, 0x00000000ed200000, 0x0000000100000000)
  eden space 18432K, 100% used [0x00000000eab00000,0x00000000ebd00000,0x00000000ebd00000)
  from space 7680K, 99% used [0x00000000ebe00000,0x00000000ec57cf10,0x00000000ec580000)
  to   space 10752K, 0% used [0x00000000ec780000,0x00000000ec780000,0x00000000ed200000)
 ParOldGen       total 219136K, used 212703K [0x00000000c0000000, 0x00000000cd600000, 0x00000000eab00000)
  object space 219136K, 97% used [0x00000000c0000000,0x00000000ccfb7e20,0x00000000cd600000)
 Metaspace       used 65315K, committed 66304K, reserved 1114112K
  class space    used 6855K, committed 7296K, reserved 1048576K
}
Event: 11.642 GC heap after
{Heap after GC invocations=301 (full 11):
 PSYoungGen      total 27136K, used 6608K [0x00000000eab00000, 0x00000000ece80000, 0x0000000100000000)
  eden space 19968K, 0% used [0x00000000eab00000,0x00000000eab00000,0x00000000ebe80000)
  from space 7168K, 92% used [0x00000000ec780000,0x00000000ecdf4238,0x00000000ece80000)
  to   space 8192K, 0% used [0x00000000ebe80000,0x00000000ebe80000,0x00000000ec680000)
 ParOldGen       total 219136K, used 217503K [0x00000000c0000000, 0x00000000cd600000, 0x00000000eab00000)
  object space 219136K, 99% used [0x00000000c0000000,0x00000000cd467c20,0x00000000cd600000)
 Metaspace       used 65315K, committed 66304K, reserved 1114112K
  class space    used 6855K, committed 7296K, reserved 1048576K
}
Event: 11.642 GC heap before
{Heap before GC invocations=302 (full 12):
 PSYoungGen      total 27136K, used 6608K [0x00000000eab00000, 0x00000000ece80000, 0x0000000100000000)
  eden space 19968K, 0% used [0x00000000eab00000,0x00000000eab00000,0x00000000ebe80000)
  from space 7168K, 92% used [0x00000000ec780000,0x00000000ecdf4238,0x00000000ece80000)
  to   space 8192K, 0% used [0x00000000ebe80000,0x00000000ebe80000,0x00000000ec680000)
 ParOldGen       total 219136K, used 217503K [0x00000000c0000000, 0x00000000cd600000, 0x00000000eab00000)
  object space 219136K, 99% used [0x00000000c0000000,0x00000000cd467c20,0x00000000cd600000)
 Metaspace       used 65315K, committed 66304K, reserved 1114112K
  class space    used 6855K, committed 7296K, reserved 1048576K
}
Event: 11.763 GC heap after
{Heap after GC invocations=302 (full 12):
 PSYoungGen      total 28160K, used 2730K [0x00000000eab00000, 0x00000000ed000000, 0x0000000100000000)
  eden space 20992K, 0% used [0x00000000eab00000,0x00000000eab00000,0x00000000ebf80000)
  from space 7168K, 38% used [0x00000000ec780000,0x00000000eca2abe8,0x00000000ece80000)
  to   space 8192K, 0% used [0x00000000ebf80000,0x00000000ebf80000,0x00000000ec780000)
 ParOldGen       total 219136K, used 218948K [0x00000000c0000000, 0x00000000cd600000, 0x00000000eab00000)
  object space 219136K, 99% used [0x00000000c0000000,0x00000000cd5d1070,0x00000000cd600000)
 Metaspace       used 65315K, committed 66304K, reserved 1114112K
  class space    used 6855K, committed 7296K, reserved 1048576K
}
Event: 11.813 GC heap before
{Heap before GC invocations=303 (full 13):
 PSYoungGen      total 28160K, used 23722K [0x00000000eab00000, 0x00000000ed000000, 0x0000000100000000)
  eden space 20992K, 100% used [0x00000000eab00000,0x00000000ebf80000,0x00000000ebf80000)
  from space 7168K, 38% used [0x00000000ec780000,0x00000000eca2abe8,0x00000000ece80000)
  to   space 8192K, 0% used [0x00000000ebf80000,0x00000000ebf80000,0x00000000ec780000)
 ParOldGen       total 219136K, used 218948K [0x00000000c0000000, 0x00000000cd600000, 0x00000000eab00000)
  object space 219136K, 99% used [0x00000000c0000000,0x00000000cd5d1070,0x00000000cd600000)
 Metaspace       used 65315K, committed 66304K, reserved 1114112K
  class space    used 6855K, committed 7296K, reserved 1048576K
}
Event: 11.869 GC heap after
{Heap after GC invocations=303 (full 13):
 PSYoungGen      total 29184K, used 6843K [0x00000000eab00000, 0x00000000ed100000, 0x0000000100000000)
  eden space 20992K, 32% used [0x00000000eab00000,0x00000000eb1aecf8,0x00000000ebf80000)
  from space 8192K, 0% used [0x00000000ebf80000,0x00000000ebf80000,0x00000000ec780000)
  to   space 7168K, 0% used [0x00000000ec780000,0x00000000ec780000,0x00000000ece80000)
 ParOldGen       total 270336K, used 219073K [0x00000000c0000000, 0x00000000d0800000, 0x00000000eab00000)
  object space 270336K, 81% used [0x00000000c0000000,0x00000000cd5f07c8,0x00000000d0800000)
 Metaspace       used 65315K, committed 66304K, reserved 1114112K
  class space    used 6855K, committed 7296K, reserved 1048576K
}
Event: 11.905 GC heap before
{Heap before GC invocations=304 (full 13):
 PSYoungGen      total 29184K, used 20992K [0x00000000eab00000, 0x00000000ed100000, 0x0000000100000000)
  eden space 20992K, 100% used [0x00000000eab00000,0x00000000ebf80000,0x00000000ebf80000)
  from space 8192K, 0% used [0x00000000ebf80000,0x00000000ebf80000,0x00000000ec780000)
  to   space 7168K, 0% used [0x00000000ec780000,0x00000000ec780000,0x00000000ece80000)
 ParOldGen       total 270336K, used 219073K [0x00000000c0000000, 0x00000000d0800000, 0x00000000eab00000)
  object space 270336K, 81% used [0x00000000c0000000,0x00000000cd5f07c8,0x00000000d0800000)
 Metaspace       used 65315K, committed 66304K, reserved 1114112K
  class space    used 6855K, committed 7296K, reserved 1048576K
}
Event: 11.915 GC heap after
{Heap after GC invocations=304 (full 13):
 PSYoungGen      total 25088K, used 7162K [0x00000000eab00000, 0x00000000ed680000, 0x0000000100000000)
  eden space 17920K, 0% used [0x00000000eab00000,0x00000000eab00000,0x00000000ebc80000)
  from space 7168K, 99% used [0x00000000ec780000,0x00000000ece7eb18,0x00000000ece80000)
  to   space 11264K, 0% used [0x00000000ebc80000,0x00000000ebc80000,0x00000000ec780000)
 ParOldGen       total 270336K, used 222182K [0x00000000c0000000, 0x00000000d0800000, 0x00000000eab00000)
  object space 270336K, 82% used [0x00000000c0000000,0x00000000cd8f9910,0x00000000d0800000)
 Metaspace       used 65315K, committed 66304K, reserved 1114112K
  class space    used 6855K, committed 7296K, reserved 1048576K
}

