# JRE version: OpenJDK Runtime Environment Temurin-17.0.7+7 (17.0.7+7) (build 17.0.7+7)
# Java VM: OpenJDK 64-Bit Server VM Temurin-17.0.7+7 (17.0.7+7, mixed mode, tiered, compressed oops, compressed class ptrs, parallel gc, windows-amd64)
GC Precious Log:
 CPUs: 12 total, 12 available
 Memory: 16204M
 Large Page Support: Disabled
 NUMA Support: Disabled
 Compressed Oops: Enabled (32-bit)
 Alignments: Space 512K, Generation 512K, Heap 2M
 Heap Min Capacity: 100M
 Heap Initial Capacity: 100M
 Heap Max Capacity: 1G
 Pre-touch: Disabled
 Parallel Workers: 10
Heap:
 PSYoungGen      total 5120K, used 2651K [0x00000000eab00000, 0x00000000eb300000, 0x0000000100000000)
  eden space 3072K, 20% used [0x00000000eab00000,0x00000000eab9acb8,0x00000000eae00000)
  from space 2048K, 99% used [0x00000000eae00000,0x00000000eaffc010,0x00000000eb000000)
  to   space 2560K, 0% used [0x00000000eb080000,0x00000000eb080000,0x00000000eb300000)
 ParOldGen       total 381440K, used 288508K [0x00000000c0000000, 0x00000000d7480000, 0x00000000eab00000)
  object space 381440K, 75% used [0x00000000c0000000,0x00000000d19bf208,0x00000000d7480000)
 Metaspace       used 79539K, committed 80704K, reserved 1179648K
  class space    used 8312K, committed 8768K, reserved 1048576K
GC Heap History (20 events):
Event: 98.904 GC heap before
{Heap before GC invocations=385 (full 10):
 PSYoungGen      total 4608K, used 4442K [0x00000000eab00000, 0x00000000eb200000, 0x0000000100000000)
  eden space 3072K, 100% used [0x00000000eab00000,0x00000000eae00000,0x00000000eae00000)
  from space 1536K, 89% used [0x00000000eae00000,0x00000000eaf56820,0x00000000eaf80000)
  to   space 2048K, 0% used [0x00000000eb000000,0x00000000eb000000,0x00000000eb200000)
 ParOldGen       total 381440K, used 286910K [0x00000000c0000000, 0x00000000d7480000, 0x00000000eab00000)
  object space 381440K, 75% used [0x00000000c0000000,0x00000000d182fa50,0x00000000d7480000)
 Metaspace       used 79441K, committed 80640K, reserved 1179648K
  class space    used 8310K, committed 8768K, reserved 1048576K
}
Event: 98.905 GC heap after
{Heap after GC invocations=385 (full 10):
 PSYoungGen      total 4608K, used 2036K [0x00000000eab00000, 0x00000000eb300000, 0x0000000100000000)
  eden space 2560K, 0% used [0x00000000eab00000,0x00000000eab00000,0x00000000ead80000)
  from space 2048K, 99% used [0x00000000eb000000,0x00000000eb1fd040,0x00000000eb200000)
  to   space 2560K, 0% used [0x00000000ead80000,0x00000000ead80000,0x00000000eb000000)
 ParOldGen       total 381440K, used 286910K [0x00000000c0000000, 0x00000000d7480000, 0x00000000eab00000)
  object space 381440K, 75% used [0x00000000c0000000,0x00000000d182fa50,0x00000000d7480000)
 Metaspace       used 79441K, committed 80640K, reserved 1179648K
  class space    used 8310K, committed 8768K, reserved 1048576K
}
Event: 99.163 GC heap before
{Heap before GC invocations=386 (full 10):
 PSYoungGen      total 4608K, used 4596K [0x00000000eab00000, 0x00000000eb300000, 0x0000000100000000)
  eden space 2560K, 100% used [0x00000000eab00000,0x00000000ead80000,0x00000000ead80000)
  from space 2048K, 99% used [0x00000000eb000000,0x00000000eb1fd040,0x00000000eb200000)
  to   space 2560K, 0% used [0x00000000ead80000,0x00000000ead80000,0x00000000eb000000)
 ParOldGen       total 381440K, used 286910K [0x00000000c0000000, 0x00000000d7480000, 0x00000000eab00000)
  object space 381440K, 75% used [0x00000000c0000000,0x00000000d182fa50,0x00000000d7480000)
 Metaspace       used 79452K, committed 80640K, reserved 1179648K
  class space    used 8310K, committed 8768K, reserved 1048576K
}
Event: 99.164 GC heap after
{Heap after GC invocations=386 (full 10):
 PSYoungGen      total 4608K, used 1716K [0x00000000eab00000, 0x00000000eb180000, 0x0000000100000000)
  eden space 2560K, 0% used [0x00000000eab00000,0x00000000eab00000,0x00000000ead80000)
  from space 2048K, 83% used [0x00000000ead80000,0x00000000eaf2d040,0x00000000eaf80000)
  to   space 2048K, 0% used [0x00000000eaf80000,0x00000000eaf80000,0x00000000eb180000)
 ParOldGen       total 381440K, used 286910K [0x00000000c0000000, 0x00000000d7480000, 0x00000000eab00000)
  object space 381440K, 75% used [0x00000000c0000000,0x00000000d182fa50,0x00000000d7480000)
 Metaspace       used 79452K, committed 80640K, reserved 1179648K
  class space    used 8310K, committed 8768K, reserved 1048576K
}
Event: 99.210 GC heap before
{Heap before GC invocations=387 (full 10):
 PSYoungGen      total 4608K, used 4276K [0x00000000eab00000, 0x00000000eb180000, 0x0000000100000000)
  eden space 2560K, 100% used [0x00000000eab00000,0x00000000ead80000,0x00000000ead80000)
  from space 2048K, 83% used [0x00000000ead80000,0x00000000eaf2d040,0x00000000eaf80000)
  to   space 2048K, 0% used [0x00000000eaf80000,0x00000000eaf80000,0x00000000eb180000)
 ParOldGen       total 381440K, used 286910K [0x00000000c0000000, 0x00000000d7480000, 0x00000000eab00000)
  object space 381440K, 75% used [0x00000000c0000000,0x00000000d182fa50,0x00000000d7480000)
 Metaspace       used 79459K, committed 80640K, reserved 1179648K
  class space    used 8310K, committed 8768K, reserved 1048576K
}
Event: 99.211 GC heap after
{Heap after GC invocations=387 (full 10):
 PSYoungGen      total 4608K, used 1652K [0x00000000eab00000, 0x00000000eb180000, 0x0000000100000000)
  eden space 2560K, 0% used [0x00000000eab00000,0x00000000eab00000,0x00000000ead80000)
  from space 2048K, 80% used [0x00000000eaf80000,0x00000000eb11d040,0x00000000eb180000)
  to   space 2048K, 0% used [0x00000000ead80000,0x00000000ead80000,0x00000000eaf80000)
 ParOldGen       total 381440K, used 286910K [0x00000000c0000000, 0x00000000d7480000, 0x00000000eab00000)
  object space 381440K, 75% used [0x00000000c0000000,0x00000000d182fa50,0x00000000d7480000)
 Metaspace       used 79459K, committed 80640K, reserved 1179648K
  class space    used 8310K, committed 8768K, reserved 1048576K
}
Event: 99.219 GC heap before
{Heap before GC invocations=388 (full 10):
 PSYoungGen      total 4608K, used 4212K [0x00000000eab00000, 0x00000000eb180000, 0x0000000100000000)
  eden space 2560K, 100% used [0x00000000eab00000,0x00000000ead80000,0x00000000ead80000)
  from space 2048K, 80% used [0x00000000eaf80000,0x00000000eb11d040,0x00000000eb180000)
  to   space 2048K, 0% used [0x00000000ead80000,0x00000000ead80000,0x00000000eaf80000)
 ParOldGen       total 381440K, used 286910K [0x00000000c0000000, 0x00000000d7480000, 0x00000000eab00000)
  object space 381440K, 75% used [0x00000000c0000000,0x00000000d182fa50,0x00000000d7480000)
 Metaspace       used 79471K, committed 80640K, reserved 1179648K
  class space    used 8310K, committed 8768K, reserved 1048576K
}
Event: 99.221 GC heap after
{Heap after GC invocations=388 (full 10):
 PSYoungGen      total 4608K, used 2042K [0x00000000eab00000, 0x00000000eb280000, 0x0000000100000000)
  eden space 2560K, 0% used [0x00000000eab00000,0x00000000eab00000,0x00000000ead80000)
  from space 2048K, 99% used [0x00000000ead80000,0x00000000eaf7e820,0x00000000eaf80000)
  to   space 2560K, 0% used [0x00000000eb000000,0x00000000eb000000,0x00000000eb280000)
 ParOldGen       total 381440K, used 287225K [0x00000000c0000000, 0x00000000d7480000, 0x00000000eab00000)
  object space 381440K, 75% used [0x00000000c0000000,0x00000000d187e690,0x00000000d7480000)
 Metaspace       used 79471K, committed 80640K, reserved 1179648K
  class space    used 8310K, committed 8768K, reserved 1048576K
}
Event: 99.226 GC heap before
{Heap before GC invocations=389 (full 10):
 PSYoungGen      total 4608K, used 4602K [0x00000000eab00000, 0x00000000eb280000, 0x0000000100000000)
  eden space 2560K, 100% used [0x00000000eab00000,0x00000000ead80000,0x00000000ead80000)
  from space 2048K, 99% used [0x00000000ead80000,0x00000000eaf7e820,0x00000000eaf80000)
  to   space 2560K, 0% used [0x00000000eb000000,0x00000000eb000000,0x00000000eb280000)
 ParOldGen       total 381440K, used 287225K [0x00000000c0000000, 0x00000000d7480000, 0x00000000eab00000)
  object space 381440K, 75% used [0x00000000c0000000,0x00000000d187e690,0x00000000d7480000)
 Metaspace       used 79473K, committed 80640K, reserved 1179648K
  class space    used 8310K, committed 8768K, reserved 1048576K
}
Event: 99.228 GC heap after
{Heap after GC invocations=389 (full 10):
 PSYoungGen      total 5120K, used 1744K [0x00000000eab00000, 0x00000000eb200000, 0x0000000100000000)
  eden space 3072K, 0% used [0x00000000eab00000,0x00000000eab00000,0x00000000eae00000)
  from space 2048K, 85% used [0x00000000eb000000,0x00000000eb1b4010,0x00000000eb200000)
  to   space 2048K, 0% used [0x00000000eae00000,0x00000000eae00000,0x00000000eb000000)
 ParOldGen       total 381440K, used 287792K [0x00000000c0000000, 0x00000000d7480000, 0x00000000eab00000)
  object space 381440K, 75% used [0x00000000c0000000,0x00000000d190c1d8,0x00000000d7480000)
 Metaspace       used 79473K, committed 80640K, reserved 1179648K
  class space    used 8310K, committed 8768K, reserved 1048576K
}
Event: 99.270 GC heap before
{Heap before GC invocations=390 (full 10):
 PSYoungGen      total 5120K, used 4815K [0x00000000eab00000, 0x00000000eb200000, 0x0000000100000000)
  eden space 3072K, 99% used [0x00000000eab00000,0x00000000eadfffe8,0x00000000eae00000)
  from space 2048K, 85% used [0x00000000eb000000,0x00000000eb1b4010,0x00000000eb200000)
  to   space 2048K, 0% used [0x00000000eae00000,0x00000000eae00000,0x00000000eb000000)
 ParOldGen       total 381440K, used 287792K [0x00000000c0000000, 0x00000000d7480000, 0x00000000eab00000)
  object space 381440K, 75% used [0x00000000c0000000,0x00000000d190c1d8,0x00000000d7480000)
 Metaspace       used 79479K, committed 80640K, reserved 1179648K
  class space    used 8310K, committed 8768K, reserved 1048576K
}
Event: 99.271 GC heap after
{Heap after GC invocations=390 (full 10):
 PSYoungGen      total 5120K, used 1728K [0x00000000eab00000, 0x00000000eb200000, 0x0000000100000000)
  eden space 3072K, 0% used [0x00000000eab00000,0x00000000eab00000,0x00000000eae00000)
  from space 2048K, 84% used [0x00000000eae00000,0x00000000eafb0020,0x00000000eb000000)
  to   space 2048K, 0% used [0x00000000eb000000,0x00000000eb000000,0x00000000eb200000)
 ParOldGen       total 381440K, used 288032K [0x00000000c0000000, 0x00000000d7480000, 0x00000000eab00000)
  object space 381440K, 75% used [0x00000000c0000000,0x00000000d19481d8,0x00000000d7480000)
 Metaspace       used 79479K, committed 80640K, reserved 1179648K
  class space    used 8310K, committed 8768K, reserved 1048576K
}
Event: 99.280 GC heap before
{Heap before GC invocations=391 (full 10):
 PSYoungGen      total 5120K, used 4800K [0x00000000eab00000, 0x00000000eb200000, 0x0000000100000000)
  eden space 3072K, 100% used [0x00000000eab00000,0x00000000eae00000,0x00000000eae00000)
  from space 2048K, 84% used [0x00000000eae00000,0x00000000eafb0020,0x00000000eb000000)
  to   space 2048K, 0% used [0x00000000eb000000,0x00000000eb000000,0x00000000eb200000)
 ParOldGen       total 381440K, used 288032K [0x00000000c0000000, 0x00000000d7480000, 0x00000000eab00000)
  object space 381440K, 75% used [0x00000000c0000000,0x00000000d19481d8,0x00000000d7480000)
 Metaspace       used 79490K, committed 80640K, reserved 1179648K
  class space    used 8310K, committed 8768K, reserved 1048576K
}
Event: 99.282 GC heap after
{Heap after GC invocations=391 (full 10):
 PSYoungGen      total 5120K, used 1968K [0x00000000eab00000, 0x00000000eb280000, 0x0000000100000000)
  eden space 3072K, 0% used [0x00000000eab00000,0x00000000eab00000,0x00000000eae00000)
  from space 2048K, 96% used [0x00000000eb000000,0x00000000eb1ec010,0x00000000eb200000)
  to   space 2048K, 0% used [0x00000000eae00000,0x00000000eae00000,0x00000000eb000000)
 ParOldGen       total 381440K, used 288032K [0x00000000c0000000, 0x00000000d7480000, 0x00000000eab00000)
  object space 381440K, 75% used [0x00000000c0000000,0x00000000d19481d8,0x00000000d7480000)
 Metaspace       used 79490K, committed 80640K, reserved 1179648K
  class space    used 8310K, committed 8768K, reserved 1048576K
}
Event: 101.273 GC heap before
{Heap before GC invocations=392 (full 10):
 PSYoungGen      total 5120K, used 5034K [0x00000000eab00000, 0x00000000eb280000, 0x0000000100000000)
  eden space 3072K, 99% used [0x00000000eab00000,0x00000000eadfe8a8,0x00000000eae00000)
  from space 2048K, 96% used [0x00000000eb000000,0x00000000eb1ec010,0x00000000eb200000)
  to   space 2048K, 0% used [0x00000000eae00000,0x00000000eae00000,0x00000000eb000000)
 ParOldGen       total 381440K, used 288032K [0x00000000c0000000, 0x00000000d7480000, 0x00000000eab00000)
  object space 381440K, 75% used [0x00000000c0000000,0x00000000d19481d8,0x00000000d7480000)
 Metaspace       used 79526K, committed 80704K, reserved 1179648K
  class space    used 8310K, committed 8768K, reserved 1048576K
}
Event: 101.274 GC heap after
{Heap after GC invocations=392 (full 10):
 PSYoungGen      total 5120K, used 2032K [0x00000000eab00000, 0x00000000eb300000, 0x0000000100000000)
  eden space 3072K, 0% used [0x00000000eab00000,0x00000000eab00000,0x00000000eae00000)
  from space 2048K, 99% used [0x00000000eae00000,0x00000000eaffc010,0x00000000eb000000)
  to   space 2560K, 0% used [0x00000000eb080000,0x00000000eb080000,0x00000000eb300000)
 ParOldGen       total 381440K, used 288104K [0x00000000c0000000, 0x00000000d7480000, 0x00000000eab00000)
  object space 381440K, 75% used [0x00000000c0000000,0x00000000d195a1d8,0x00000000d7480000)
 Metaspace       used 79526K, committed 80704K, reserved 1179648K
  class space    used 8310K, committed 8768K, reserved 1048576K
}
Event: 101.282 GC heap before
{Heap before GC invocations=393 (full 10):
 PSYoungGen      total 5120K, used 5104K [0x00000000eab00000, 0x00000000eb300000, 0x0000000100000000)
  eden space 3072K, 100% used [0x00000000eab00000,0x00000000eae00000,0x00000000eae00000)
  from space 2048K, 99% used [0x00000000eae00000,0x00000000eaffc010,0x00000000eb000000)
  to   space 2560K, 0% used [0x00000000eb080000,0x00000000eb080000,0x00000000eb300000)
 ParOldGen       total 381440K, used 288104K [0x00000000c0000000, 0x00000000d7480000, 0x00000000eab00000)
  object space 381440K, 75% used [0x00000000c0000000,0x00000000d195a1d8,0x00000000d7480000)
 Metaspace       used 79530K, committed 80704K, reserved 1179648K
  class space    used 8310K, committed 8768K, reserved 1048576K
}
Event: 101.283 GC heap after
{Heap after GC invocations=393 (full 10):
 PSYoungGen      total 5120K, used 2000K [0x00000000eab00000, 0x00000000eb280000, 0x0000000100000000)
  eden space 3072K, 0% used [0x00000000eab00000,0x00000000eab00000,0x00000000eae00000)
  from space 2048K, 97% used [0x00000000eb080000,0x00000000eb274010,0x00000000eb280000)
  to   space 2048K, 0% used [0x00000000eae00000,0x00000000eae00000,0x00000000eb000000)
 ParOldGen       total 381440K, used 288104K [0x00000000c0000000, 0x00000000d7480000, 0x00000000eab00000)
  object space 381440K, 75% used [0x00000000c0000000,0x00000000d195a1d8,0x00000000d7480000)
 Metaspace       used 79530K, committed 80704K, reserved 1179648K
  class space    used 8310K, committed 8768K, reserved 1048576K
}
Event: 101.301 GC heap before
{Heap before GC invocations=394 (full 10):
 PSYoungGen      total 5120K, used 5072K [0x00000000eab00000, 0x00000000eb280000, 0x0000000100000000)
  eden space 3072K, 100% used [0x00000000eab00000,0x00000000eae00000,0x00000000eae00000)
  from space 2048K, 97% used [0x00000000eb080000,0x00000000eb274010,0x00000000eb280000)
  to   space 2048K, 0% used [0x00000000eae00000,0x00000000eae00000,0x00000000eb000000)
 ParOldGen       total 381440K, used 288104K [0x00000000c0000000, 0x00000000d7480000, 0x00000000eab00000)
  object space 381440K, 75% used [0x00000000c0000000,0x00000000d195a1d8,0x00000000d7480000)
 Metaspace       used 79533K, committed 80704K, reserved 1179648K
  class space    used 8310K, committed 8768K, reserved 1048576K
}
Event: 101.302 GC heap after
{Heap after GC invocations=394 (full 10):
 PSYoungGen      total 5120K, used 2032K [0x00000000eab00000, 0x00000000eb300000, 0x0000000100000000)
  eden space 3072K, 0% used [0x00000000eab00000,0x00000000eab00000,0x00000000eae00000)
  from space 2048K, 99% used [0x00000000eae00000,0x00000000eaffc010,0x00000000eb000000)
  to   space 2560K, 0% used [0x00000000eb080000,0x00000000eb080000,0x00000000eb300000)
 ParOldGen       total 381440K, used 288508K [0x00000000c0000000, 0x00000000d7480000, 0x00000000eab00000)
  object space 381440K, 75% used [0x00000000c0000000,0x00000000d19bf208,0x00000000d7480000)
 Metaspace       used 79533K, committed 80704K, reserved 1179648K
  class space    used 8310K, committed 8768K, reserved 1048576K
}

